TAP version 13
# Subtest: balenaFin suite - v0.0.1 - Tue, 06 Sep 2022 16:03:56 GMT
    # Subtest: Bluetooth
        # Subtest: check hci0 interface is available
            # Subtest: check result
                ok 1 - should report 1 instance of hci0 interface
                1..1
            ok 1 - check result # time=29.082ms
            
            1..1
        ok 1 - check hci0 interface is available # time=93.886ms
        
        # checking if BD Address is initialized
        ok 2 - BD Address should not be AA:AA:AA:AA:AA:AA
        1..2
    ok 1 - Bluetooth # time=298.542ms
    
    # Subtest: Coprocessor
        # Subtest: attempt to flash firmata
            # attempting to flash firmware: /usr/src/app/suites/coprocessor/bin/firmata.hex with bootloader: /usr/src/app/suites/coprocessor/bin/bootloader.s37
            # spawning openocd process with board config -d2,-f,board/balena-fin/balena-fin-v1-1.cfg
            # spawning telnet client process...
            # telnet stderr: Connection closed by foreign host.
            # 
            # telnet child process exited with code 1
            # openocd child process exited with code 0
            ok 1 - bootloader and firmware should start programming
            ok 2 - bootloader and firmware should finish programming
            ok 3 - coprocessor should be type of 'EFR32MG1B Blue Gecko'
            ok 4 - coprocessor should have flash size of '256kbytes'
            1..4
        ok 1 - attempt to flash firmata # time=64115.985ms
        
        1..1
    ok 2 - Coprocessor # time=64136.979ms
    
    # Subtest: EEPROM
        # generate test payload: 'GOm1J0ZE71u9JB4K7QTB9'
        # Subtest: check eeprom write
            # writing payload to eeprom
            ok 1 - no errors should be reported during eeprom - write
            1..1
        ok 1 - check eeprom write # time=122.952ms
        
        # Subtest: check eeprom read
            ok 1 - no errors should be reported during eeprom - read
            ok 2 - expected to read 'GOm1J0ZE71u9JB4K7QTB9' from eeprom
            1..2
        ok 2 - check eeprom read # time=39.339ms
        
        1..2
    ok 3 - EEPROM # time=194.982ms
    
    # Subtest: eMMC
        # Subtest: check size of eMMC
            # found eMMC of size 32 GB
            ok 1 - should be of size 8, 16, 32 or 64 GB; is 32 GB
            1..1
        ok 1 - check size of eMMC # time=60.337ms
        
        1..1
    ok 4 - eMMC # time=92.354ms
    
    # Subtest: Ethernet
        # Subtest: check eth0 interface is available
            ok 1 - should be able to see eth0
            1..1
        ok 1 - check eth0 interface is available # time=49.784ms
        
        # Subtest: check can reach internet
            not ok 1 - Command failed: ping -I eth0 8.8.8.8 -c 5
              ---
              at:
                line: 399
                column: 12
                file: node:child_process
                function: ChildProcess.exithandler
              killed: false
              code: 1
              signal: null
              cmd: ping -I eth0 8.8.8.8 -c 5
              stdout: |+
                PING 8.8.8.8 (8.8.8.8) from 192.168.2.8 eth0: 56(84) bytes of data.
              
                --- 8.8.8.8 ping statistics ---
                5 packets transmitted, 0 received, 100% packet loss, time 4121ms
              
              stderr: ""
              tapCaught: returnedPromiseRejection
              test: check can reach internet
              ...
            
            1..1
            # failed 1 test
        not ok 2 - check can reach internet # time=14298.056ms
        
        1..2
        # failed 1 of 2 tests
    not ok 5 - Ethernet # time=14386.078ms
    
    # Subtest: I2C
        # Subtest: check i2c interface is available
            # Subtest: check for i2c addresses
                ok 1 - i2c address list should be greater than 0
                # found 3 i2c addresses
                1..1
            ok 1 - check for i2c addresses # time=12.438ms
            
            1..1
        ok 1 - check i2c interface is available # time=162.151ms
        
        1..1
    ok 6 - I2C # time=185.861ms
    
    ok 7 - Modem # SKIP
    # Subtest: RGB LED
        # Subtest: check rgb led can be controlled
            # setting RGB LED to cyan
            # Subtest: check dmesg for driver output
                ok 1 - should be able to control RGB LED
                # driver output: [   11.787520] pca953x 11-0020: supply vcc not found, using dummy regulator
                # [   11.787715] pca953x 11-0020: using no AI
                # 
                1..1
            ok 1 - check dmesg for driver output # time=14.081ms
            
            1..1
        ok 1 - check rgb led can be controlled # time=2102.875ms
        
        1..1
    ok 8 - RGB LED # time=2124.184ms
    
    # Subtest: RTC
        # Subtest: check the RTC is registered
            # Subtest: check that a date is received
                # rtc datetime shown as 2022-09-06 16:05:18.495230+00:00
                # 
                ok 1 - hwclock should report valid datetime
                ok 2 - hwclock should not report any errors
                1..2
            ok 1 - check that a date is received # time=20.351ms
            
            1..1
        ok 1 - check the RTC is registered # time=560.56ms
        
        1..1
    ok 9 - RTC # time=590.453ms
    
    # Subtest: USB
        # Subtest: check USB list for devices
            # Subtest: check for at least 3 devices on the bus
                ok 1 - expecting at least 3 devices on the usb bus
                1..1
            ok 1 - check for at least 3 devices on the bus # time=6.796ms
            
            1..1
        ok 1 - check USB list for devices # time=75.044ms
        
        1..1
    ok 10 - USB # time=93.864ms
    
    # Subtest: WiFi
        # Subtest: check wlan0 interface is available
            # Subtest: check result
                ok 1 - should contain 1 instance of wlan0 interface
                1..1
            ok 1 - check result # time=6.754ms
            
            1..1
        ok 1 - check wlan0 interface is available # time=44.889ms
        
        1..1
    ok 11 - WiFi # time=64.81ms
    
    1..11
    # failed 1 of 11 tests
    # skip: 1
not ok 1 - balenaFin suite - v0.0.1 - Tue, 06 Sep 2022 16:03:56 GMT # time=82260.909ms

1..1
# failed 1 test
# time=82358.807ms
# serial='1110000729192019-0109'# location='Brighton, England, United Kingdom'