TAP version 13
# Subtest: balenaFin suite - v0.0.1 - Fri, 09 Sep 2022 15:15:29 GMT
    # Subtest: balenaOS
        # Subtest: check balenaOS version valid
            # Subtest: check result
                # balenaOS version is 2.101.7+rev2
                # 
                ok 1 - semver of balenaOS should be valid
                1..1
            ok 1 - check result # time=36.999ms
            
            1..1
        ok 1 - check balenaOS version valid # time=246.862ms
        
        1..1
    ok 1 - balenaOS # time=274.25ms
    
    # Subtest: Coprocessor
        # Subtest: attempt to flash firmata
            # attempting to flash firmware: /usr/src/app/suites/coprocessor/bin/firmata.hex with bootloader: /usr/src/app/suites/coprocessor/bin/bootloader.s37
            # spawning openocd process with board config -d2,-f,board/balena-fin/balena-fin-v1-1.cfg
            # spawning telnet client process...
            # telnet stderr: Connection closed by foreign host.
            # 
            # openocd child process exited with code 0
            # telnet child process exited with code 1
            ok 1 - bootloader and firmware should start programming
            ok 2 - bootloader and firmware should finish programming
            ok 3 - coprocessor should be type of 'EFR32MG1B Blue Gecko'
            ok 4 - coprocessor should have flash size of '256kbytes'
            1..4
        ok 1 - attempt to flash firmata # time=64140.062ms
        
        1..1
    ok 2 - Coprocessor # time=64166.673ms
    
    # Subtest: EEPROM
        # generate test payload: 'JX79yrsAXiQJTyRdux6FH'
        # Subtest: check eeprom write
            # writing payload to eeprom
            ok 1 - no errors should be reported during eeprom - write
            1..1
        ok 1 - check eeprom write # time=142.761ms
        
        # Subtest: check eeprom read
            ok 1 - no errors should be reported during eeprom - read
            ok 2 - expected to read 'JX79yrsAXiQJTyRdux6FH' from eeprom
            1..2
        ok 2 - check eeprom read # time=34.783ms
        
        1..2
    ok 3 - EEPROM # time=211.94ms
    
    # Subtest: eMMC
        # Subtest: check size of eMMC
            # found eMMC of size 16 GB
            ok 1 - should be of size 8, 16, 32 or 64 GB; is 16 GB
            1..1
        ok 1 - check size of eMMC # time=40.75ms
        
        1..1
    ok 4 - eMMC # time=67.28ms
    
    # Subtest: Ethernet
        # Subtest: check eth0 interface is available
            ok 1 - should be able to see eth0
            1..1
        ok 1 - check eth0 interface is available # time=47.512ms
        
        # Subtest: check can reach internet
            ok 1 - should be able to reach the internet
            1..1
        ok 2 - check can reach internet # time=4092.551ms
        
        1..2
    ok 5 - Ethernet # time=4165.739ms
    
    # Subtest: I2C
        # Subtest: check i2c interface is available
            # Subtest: check for i2c addresses
                ok 1 - i2c address list should be greater than 0
                # found 3 i2c addresses
                1..1
            ok 1 - check for i2c addresses # time=11.243ms
            
            1..1
        ok 1 - check i2c interface is available # time=171.568ms
        
        1..1
    ok 6 - I2C # time=199.484ms
    
    ok 7 - Modem # SKIP
    # Subtest: RGB LED
        # Subtest: check rgb led can be controlled
            # setting RGB LED to cyan
            # Subtest: check dmesg for driver output
                ok 1 - should be able to control RGB LED
                # driver output: [   11.726068] pca953x 11-0020: supply vcc not found, using dummy regulator
                # [   11.726268] pca953x 11-0020: using no AI
                # 
                1..1
            ok 1 - check dmesg for driver output # time=11.372ms
            
            1..1
        ok 1 - check rgb led can be controlled # time=2110.898ms
        
        1..1
    ok 8 - RGB LED # time=2131.363ms
    
    # Subtest: RTC
        # Subtest: check the RTC is registered
            # Subtest: check that a date is received
                # rtc datetime shown as 2022-09-09 15:16:41.420621+00:00
                # 
                ok 1 - hwclock should report valid datetime
                ok 2 - hwclock should not report any errors
                1..2
            ok 1 - check that a date is received # time=15.638ms
            
            1..1
        ok 1 - check the RTC is registered # time=631.702ms
        
        1..1
    ok 9 - RTC # time=656.23ms
    
    # Subtest: USB
        # Subtest: check USB list for devices
            # Subtest: check for at least 3 devices on the bus
                ok 1 - expecting at least 3 devices on the usb bus
                1..1
            ok 1 - check for at least 3 devices on the bus # time=10.395ms
            
            1..1
        ok 1 - check USB list for devices # time=74.373ms
        
        1..1
    ok 10 - USB # time=99.831ms
    
    # Subtest: WiFi
        # Subtest: check wlan0 interface is available
            not ok 1 - Command failed: ifconfig wlan0 wlan0: error fetching interface information: Device not found
              ---
              at:
                line: 399
                column: 12
                file: node:child_process
                function: ChildProcess.exithandler
              killed: false
              code: 1
              signal: null
              cmd: ifconfig wlan0
              stdout: ""
              stderr: |
                wlan0: error fetching interface information: Device not found
              tapCaught: returnedPromiseRejection
              test: check wlan0 interface is available
              ...
            
            1..1
            # failed 1 test
        not ok 1 - check wlan0 interface is available # time=198.386ms
        
        1..1
        # failed 1 test
    not ok 11 - WiFi # time=223.007ms
    
    1..11
    # failed 1 of 11 tests
    # skip: 1
not ok 1 - balenaFin suite - v0.0.1 - Fri, 09 Sep 2022 15:15:29 GMT # time=72291.302ms

1..1
# failed 1 test
# time=72412.679ms
# serial='1110037123212018-0932'
# location='Athens, Attica, Greece'