TAP version 13
# Subtest: balenaFin suite - v0.0.1 - Fri, 09 Sep 2022 12:29:18 GMT
    # Subtest: balenaOS
        # Subtest: check balenaOS version valid
            # Subtest: check result
                # balenaOS version is 2.101.7+rev2
                # 
                ok 1 - semver of balenaOS should be valid
                1..1
            ok 1 - check result # time=117.307ms
            
            1..1
        ok 1 - check balenaOS version valid # time=692.452ms
        
        1..1
    ok 1 - balenaOS # time=747.405ms
    
    # Subtest: Bluetooth
        # Subtest: check hci0 interface is available
            # Subtest: check result
                ok 1 - should report 1 instance of hci0 interface
                1..1
            ok 1 - check result # time=28.471ms
            
            1..1
        ok 1 - check hci0 interface is available # time=131.678ms
        
        # checking if BD Address is initialized
        ok 2 - BD Address should not be AA:AA:AA:AA:AA:AA
        1..2
    ok 2 - Bluetooth # time=652.246ms
    
    # Subtest: Coprocessor
        # Subtest: attempt to flash firmata
            # attempting to flash firmware: /usr/src/app/suites/coprocessor/bin/firmata.hex with bootloader: /usr/src/app/suites/coprocessor/bin/bootloader.s37
            # spawning openocd process with board config -d2,-f,board/balena-fin/balena-fin-v1-1.cfg
            # spawning telnet client process...
            # telnet stderr: Connection closed by foreign host.
            # 
            # telnet child process exited with code 1
            # openocd child process exited with code 0
            ok 1 - bootloader and firmware should start programming
            ok 2 - bootloader and firmware should finish programming
            ok 3 - coprocessor should be type of 'EFR32MG1B Blue Gecko'
            ok 4 - coprocessor should have flash size of '256kbytes'
            1..4
        ok 1 - attempt to flash firmata # time=64153.656ms
        
        1..1
    ok 3 - Coprocessor # time=64191.015ms
    
    # Subtest: EEPROM
        # generate test payload: 'ebg6paEhw8TZOx4Q1FuIH'
        # Subtest: check eeprom write
            # writing payload to eeprom
            ok 1 - no errors should be reported during eeprom - write
            1..1
        ok 1 - check eeprom write # time=158.202ms
        
        # Subtest: check eeprom read
            ok 1 - no errors should be reported during eeprom - read
            ok 2 - expected to read 'ebg6paEhw8TZOx4Q1FuIH' from eeprom
            1..2
        ok 2 - check eeprom read # time=46.618ms
        
        1..2
    ok 4 - EEPROM # time=238.959ms
    
    # Subtest: eMMC
        # Subtest: check size of eMMC
            # found eMMC of size 16 GB
            ok 1 - should be of size 8, 16, 32 or 64 GB; is 16 GB
            1..1
        ok 1 - check size of eMMC # time=61.016ms
        
        1..1
    ok 5 - eMMC # time=85.269ms
    
    # Subtest: Ethernet
        # Subtest: check eth0 interface is available
            ok 1 - should be able to see eth0
            1..1
        ok 1 - check eth0 interface is available # time=63.429ms
        
        # Subtest: check can reach internet
            ok 1 - should be able to reach the internet
            1..1
        ok 2 - check can reach internet # time=4088.004ms
        
        1..2
    ok 6 - Ethernet # time=4201.731ms
    
    # Subtest: I2C
        # Subtest: check i2c interface is available
            # Subtest: check for i2c addresses
                ok 1 - i2c address list should be greater than 0
                # found 3 i2c addresses
                1..1
            ok 1 - check for i2c addresses # time=11.705ms
            
            1..1
        ok 1 - check i2c interface is available # time=190.723ms
        
        1..1
    ok 7 - I2C # time=214.778ms
    
    ok 8 - Modem # SKIP
    # Subtest: RGB LED
        # Subtest: check rgb led can be controlled
            # setting RGB LED to cyan
            # Subtest: check dmesg for driver output
                ok 1 - should be able to control RGB LED
                # driver output: [   12.151591] pca953x 11-0020: supply vcc not found, using dummy regulator
                # [   12.151770] pca953x 11-0020: using no AI
                # 
                1..1
            ok 1 - check dmesg for driver output # time=18.744ms
            
            1..1
        ok 1 - check rgb led can be controlled # time=2157.354ms
        
        1..1
    ok 9 - RGB LED # time=2181.897ms
    
    # Subtest: RTC
        # Subtest: check the RTC is registered
            # Subtest: check that a date is received
                # rtc datetime shown as 2022-09-09 12:30:32.810145+00:00
                # 
                ok 1 - hwclock should report valid datetime
                ok 2 - hwclock should not report any errors
                1..2
            ok 1 - check that a date is received # time=59.651ms
            
            1..1
        ok 1 - check the RTC is registered # time=280.451ms
        
        1..1
    ok 10 - RTC # time=317.95ms
    
    # Subtest: USB
        # Subtest: check USB list for devices
            # Subtest: check for at least 3 devices on the bus
                ok 1 - expecting at least 3 devices on the usb bus
                1..1
            ok 1 - check for at least 3 devices on the bus # time=17.637ms
            
            1..1
        ok 1 - check USB list for devices # time=119.419ms
        
        1..1
    ok 11 - USB # time=136.549ms
    
    # Subtest: WiFi
        # Subtest: check wlan0 interface is available
            # Subtest: check result
                ok 1 - should contain 1 instance of wlan0 interface
                1..1
            ok 1 - check result # time=42.65ms
            
            1..1
        ok 1 - check wlan0 interface is available # time=90.614ms
        
        1..1
    ok 12 - WiFi # time=108.938ms
    
    1..12
    # skip: 1
ok 1 - balenaFin suite - v0.0.1 - Fri, 09 Sep 2022 12:29:18 GMT # time=73252.599ms

1..1
# time=73495.305ms
# serial='1110037123212018-0912'
# location='Athens, Attica, Greece'