TAP version 13
# Subtest: balenaFin suite - v0.0.1 - Fri, 09 Sep 2022 12:29:17 GMT
    # Subtest: balenaOS
        # Subtest: check balenaOS version valid
            # Subtest: check result
                # balenaOS version is 2.101.7+rev2
                # 
                ok 1 - semver of balenaOS should be valid
                1..1
            ok 1 - check result # time=101.01ms
            
            1..1
        ok 1 - check balenaOS version valid # time=589.707ms
        
        1..1
    ok 1 - balenaOS # time=641.04ms
    
    # Subtest: Bluetooth
        # Subtest: check hci0 interface is available
            # Subtest: check result
                ok 1 - should report 1 instance of hci0 interface
                1..1
            ok 1 - check result # time=92.177ms
            
            1..1
        ok 1 - check hci0 interface is available # time=247.518ms
        
        # checking if BD Address is initialized
        ok 2 - BD Address should not be AA:AA:AA:AA:AA:AA
        1..2
    ok 2 - Bluetooth # time=747.785ms
    
    # Subtest: Coprocessor
        # Subtest: attempt to flash firmata
            # attempting to flash firmware: /usr/src/app/suites/coprocessor/bin/firmata.hex with bootloader: /usr/src/app/suites/coprocessor/bin/bootloader.s37
            # spawning openocd process with board config -d2,-f,board/balena-fin/balena-fin-v1-1.cfg
            # spawning telnet client process...
            # telnet stderr: Connection closed by foreign host.
            # 
            # telnet child process exited with code 1
            # openocd child process exited with code 0
            ok 1 - bootloader and firmware should start programming
            ok 2 - bootloader and firmware should finish programming
            ok 3 - coprocessor should be type of 'EFR32MG1B Blue Gecko'
            ok 4 - coprocessor should have flash size of '256kbytes'
            1..4
        ok 1 - attempt to flash firmata # time=64292.771ms
        
        1..1
    ok 3 - Coprocessor # time=64333.566ms
    
    # Subtest: EEPROM
        # generate test payload: 'M1/X9gi8RlaSnT5n6xspw'
        # Subtest: check eeprom write
            # writing payload to eeprom
            ok 1 - no errors should be reported during eeprom - write
            1..1
        ok 1 - check eeprom write # time=155.698ms
        
        # Subtest: check eeprom read
            ok 1 - no errors should be reported during eeprom - read
            ok 2 - expected to read 'M1/X9gi8RlaSnT5n6xspw' from eeprom
            1..2
        ok 2 - check eeprom read # time=51.852ms
        
        1..2
    ok 4 - EEPROM # time=253.919ms
    
    # Subtest: eMMC
        # Subtest: check size of eMMC
            # found eMMC of size 16 GB
            ok 1 - should be of size 8, 16, 32 or 64 GB; is 16 GB
            1..1
        ok 1 - check size of eMMC # time=67.333ms
        
        1..1
    ok 5 - eMMC # time=88.73ms
    
    # Subtest: Ethernet
        # Subtest: check eth0 interface is available
            ok 1 - should be able to see eth0
            1..1
        ok 1 - check eth0 interface is available # time=64.897ms
        
        # Subtest: check can reach internet
            ok 1 - should be able to reach the internet
            1..1
        ok 2 - check can reach internet # time=4090.619ms
        
        1..2
    ok 6 - Ethernet # time=4209.099ms
    
    # Subtest: I2C
        # Subtest: check i2c interface is available
            # Subtest: check for i2c addresses
                ok 1 - i2c address list should be greater than 0
                # found 3 i2c addresses
                1..1
            ok 1 - check for i2c addresses # time=23.923ms
            
            1..1
        ok 1 - check i2c interface is available # time=212.587ms
        
        1..1
    ok 7 - I2C # time=238.231ms
    
    ok 8 - Modem # SKIP
    # Subtest: RGB LED
        # Subtest: check rgb led can be controlled
            # setting RGB LED to cyan
            # Subtest: check dmesg for driver output
                ok 1 - should be able to control RGB LED
                # driver output: [   11.571768] pca953x 11-0020: supply vcc not found, using dummy regulator
                # [   11.571944] pca953x 11-0020: using no AI
                # 
                1..1
            ok 1 - check dmesg for driver output # time=21.642ms
            
            1..1
        ok 1 - check rgb led can be controlled # time=2134.008ms
        
        1..1
    ok 9 - RGB LED # time=2158.254ms
    
    # Subtest: RTC
        # Subtest: check the RTC is registered
            # Subtest: check that a date is received
                # rtc datetime shown as 2022-09-09 12:30:30.813251+00:00
                # 
                ok 1 - hwclock should report valid datetime
                ok 2 - hwclock should not report any errors
                1..2
            ok 1 - check that a date is received # time=21.83ms
            
            1..1
        ok 1 - check the RTC is registered # time=261.306ms
        
        1..1
    ok 10 - RTC # time=298.345ms
    
    # Subtest: USB
        # Subtest: check USB list for devices
            # Subtest: check for at least 3 devices on the bus
                ok 1 - expecting at least 3 devices on the usb bus
                1..1
            ok 1 - check for at least 3 devices on the bus # time=7.324ms
            
            1..1
        ok 1 - check USB list for devices # time=102.91ms
        
        1..1
    ok 11 - USB # time=120.663ms
    
    # Subtest: WiFi
        # Subtest: check wlan0 interface is available
            # Subtest: check result
                ok 1 - should contain 1 instance of wlan0 interface
                1..1
            ok 1 - check result # time=54.587ms
            
            1..1
        ok 1 - check wlan0 interface is available # time=94.6ms
        
        1..1
    ok 12 - WiFi # time=112.985ms
    
    1..12
    # skip: 1
ok 1 - balenaFin suite - v0.0.1 - Fri, 09 Sep 2022 12:29:17 GMT # time=73362.631ms

1..1
# time=73509.11ms
# serial='1110037123212018-0918'
# location='Athens, Attica, Greece'