TAP version 13
# Subtest: balenaFin suite - v0.0.1 - Fri, 16 Sep 2022 12:13:46 GMT
    # Subtest: balenaOS
        # Subtest: check balenaOS version valid
            # Subtest: check result
                # balenaOS version is 2.101.7+rev1
                # 
                ok 1 - semver of balenaOS should be valid
                1..1
            ok 1 - check result # time=74.185ms
            
            1..1
        ok 1 - check balenaOS version valid # time=487.17ms
        
        1..1
    ok 1 - balenaOS # time=541.96ms
    
    # Subtest: Bluetooth
        # Subtest: check bluetooth is functional
            # Subtest: check bluetooth scan
                ok 1 - should be able to see a bluetooth device
                1..1
            ok 1 - check bluetooth scan # time=17.023ms
            
            # Subtest: check for hci0
                ok 1 - should report 1 instance of hci0 interface
                1..1
            ok 2 - check for hci0 # time=12.424ms
            
            # Subtest: check bluetooth address
                ok 1 - BD Address should not be AA:AA:AA:AA:AA:AA
                1..1
            ok 3 - check bluetooth address # time=8.799ms
            
            1..3
        ok 1 - check bluetooth is functional # time=10644.162ms
        
        1..1
    ok 2 - Bluetooth # time=10677.138ms
    
    # Subtest: Coprocessor
        # Subtest: attempt to flash firmata
            # attempting to flash firmware: /usr/src/app/suites/coprocessor/bin/firmata.hex with bootloader: /usr/src/app/suites/coprocessor/bin/bootloader.s37
            # spawning openocd process with board config -d2,-f,board/balena-fin/balena-fin-v1-1.cfg
            # spawning telnet client process...
            # telnet stderr: Connection closed by foreign host.
            # 
            # telnet child process exited with code 1
            # openocd child process exited with code 0
            ok 1 - bootloader and firmware should start programming
            ok 2 - bootloader and firmware should finish programming
            ok 3 - coprocessor should be type of 'EFR32MG1B Blue Gecko'
            ok 4 - coprocessor should have flash size of '256kbytes'
            1..4
        ok 1 - attempt to flash firmata # time=64141.535ms
        
        1..1
    ok 3 - Coprocessor # time=64165.357ms
    
    # Subtest: EEPROM
        # generate test payload: 'hkeZPVv61IQKe52rqj4uB'
        # Subtest: check eeprom write
            # writing payload to eeprom
            ok 1 - no errors should be reported during eeprom - write
            1..1
        ok 1 - check eeprom write # time=138.822ms
        
        # Subtest: check eeprom read
            ok 1 - no errors should be reported during eeprom - read
            ok 2 - expected to read 'hkeZPVv61IQKe52rqj4uB' from eeprom
            1..2
        ok 2 - check eeprom read # time=33.494ms
        
        1..2
    ok 4 - EEPROM # time=207.068ms
    
    # Subtest: eMMC
        # Subtest: check size of eMMC
            # found eMMC of size 8 GB
            ok 1 - should be of size 8, 16, 32 or 64 GB; is 8 GB
            1..1
        ok 1 - check size of eMMC # time=54.875ms
        
        1..1
    ok 5 - eMMC # time=74.581ms
    
    # Subtest: Ethernet
        # Subtest: check eth0 interface is available
            ok 1 - should be able to see eth0
            1..1
        ok 1 - check eth0 interface is available # time=49.958ms
        
        # Subtest: check can reach internet
            ok 1 - should be able to reach the internet
            1..1
        ok 2 - check can reach internet # time=4099.449ms
        
        1..2
    ok 6 - Ethernet # time=4176.732ms
    
    # Subtest: I2C
        # Subtest: check i2c interface is available
            # Subtest: check for i2c addresses
                ok 1 - i2c address list should be greater than 0
                # found 3 i2c addresses
                1..1
            ok 1 - check for i2c addresses # time=11.696ms
            
            1..1
        ok 1 - check i2c interface is available # time=161.717ms
        
        1..1
    ok 7 - I2C # time=186.556ms
    
    ok 8 - Modem # SKIP
    # Subtest: RGB LED
        # Subtest: check rgb led can be controlled
            # setting RGB LED to cyan
            # Subtest: check dmesg for driver output
                ok 1 - should be able to control RGB LED
                # driver output: [    9.902867] pca953x 11-0020: supply vcc not found, using dummy regulator
                # [    9.903140] pca953x 11-0020: using no AI
                # 
                1..1
            ok 1 - check dmesg for driver output # time=13.602ms
            
            1..1
        ok 1 - check rgb led can be controlled # time=2106.162ms
        
        1..1
    ok 9 - RGB LED # time=2130.441ms
    
    # Subtest: RTC
        # Subtest: check the RTC is registered
            # Subtest: check that a date is received
                # rtc datetime shown as 2022-09-16 12:15:08.729186+00:00
                # 
                ok 1 - hwclock should report valid datetime
                ok 2 - hwclock should not report any errors
                1..2
            ok 1 - check that a date is received # time=20.703ms
            
            1..1
        ok 1 - check the RTC is registered # time=326.276ms
        
        1..1
    ok 10 - RTC # time=353.342ms
    
    # Subtest: USB
        # Subtest: check USB list for devices
            # Subtest: check for at least 3 devices on the bus
                ok 1 - expecting at least 3 devices on the usb bus
                1..1
            ok 1 - check for at least 3 devices on the bus # time=22.601ms
            
            1..1
        ok 1 - check USB list for devices # time=93.325ms
        
        1..1
    ok 11 - USB # time=116.62ms
    
    # Subtest: WiFi
        # Subtest: check wlan0 interface is available
            # Subtest: check result
                ok 1 - should contain 1 instance of wlan0 interface
                1..1
            ok 1 - check result # time=10.881ms
            
            1..1
        ok 1 - check wlan0 interface is available # time=49.185ms
        
        1..1
    ok 12 - WiFi # time=73.738ms
    
    1..12
    # skip: 1
ok 1 - balenaFin suite - v0.0.1 - Fri, 16 Sep 2022 12:13:46 GMT # time=82880.95ms

1..1
# time=83176.506ms
# serial='1130013720220001-0000'
# location='Brighton, England, United Kingdom'